Using pre-set license
Built from '2020.2/staging' branch; Version is '2020.2.6f1 (8a2143876886) revision 9052483'; Using compiler version '192528614'; Build Type 'Release'
OS: 'Windows 10 Home; OS build 19043.1165; Version 2009; 64bit' Language: 'nl' Physical Memory: 16314 MB
BatchMode: 1, IsHumanControllingUs: 0, StartBugReporterOnCrash: 0, Is64bit: 1, IsPro: 0

 COMMAND LINE ARGUMENTS:
C:\Program Files\Unity\Hub\Editor\2020.2.6f1\Editor\Unity.exe
-adb2
-batchMode
-noUpm
-name
AssetImportWorker0
-projectPath
T:/ascend/AscendReawaken
-logFile
Logs/AssetImportWorker0.log
-srvPort
54958
Successfully changed project path to: T:/ascend/AscendReawaken
T:/ascend/AscendReawaken
Using Asset Import Pipeline V2.
Refreshing native plugins compatible for Editor in 21.67 ms, found 0 plugins.
Preloading 0 native plugins for Editor in 0.00 ms.
Initialize engine version: 2020.2.6f1 (8a2143876886)
[Subsystems] Discovering subsystems at path C:/Program Files/Unity/Hub/Editor/2020.2.6f1/Editor/Data/Resources/UnitySubsystems
[Subsystems] Discovering subsystems at path T:/ascend/AscendReawaken/Assets
GfxDevice: creating device client; threaded=0
Direct3D:
    Version:  Direct3D 11.0 [level 11.1]
    Renderer: NVIDIA GeForce GTX 1070 (ID=0x1b81)
    Vendor:   
    VRAM:     8088 MB
    Driver:   30.0.14.7111
Initialize mono
Mono path[0] = 'C:/Program Files/Unity/Hub/Editor/2020.2.6f1/Editor/Data/Managed'
Mono path[1] = 'C:/Program Files/Unity/Hub/Editor/2020.2.6f1/Editor/Data/MonoBleedingEdge/lib/mono/unityjit'
Mono config path = 'C:/Program Files/Unity/Hub/Editor/2020.2.6f1/Editor/Data/MonoBleedingEdge/etc'
Using monoOptions --debugger-agent=transport=dt_socket,embedding=1,server=y,suspend=n,address=127.0.0.1:56820
Begin MonoManager ReloadAssembly
Registering precompiled unity dll's ...
Register platform support module: C:/Program Files/Unity/Hub/Editor/2020.2.6f1/Editor/Data/PlaybackEngines/WebGLSupport/UnityEditor.WebGL.Extensions.dll
Register platform support module: C:/Program Files/Unity/Hub/Editor/2020.2.6f1/Editor/Data/PlaybackEngines/WindowsStandaloneSupport/UnityEditor.WindowsStandalone.Extensions.dll
Register platform support module: C:/Program Files/Unity/Hub/Editor/2020.2.6f1/Editor/Data/PlaybackEngines/LinuxStandaloneSupport/UnityEditor.LinuxStandalone.Extensions.dll
Registered in 0.003182 seconds.
Native extension for LinuxStandalone target not found
Native extension for WindowsStandalone target not found
Native extension for WebGL target not found
Refreshing native plugins compatible for Editor in 22.14 ms, found 0 plugins.
Preloading 0 native plugins for Editor in 0.00 ms.
Invoked RoslynAnalysisRunner static constructor.
RoslynAnalysisRunner will not be running.
RoslynAnalysisRunner has terminated.
Mono: successfully reloaded assembly
- Completed reload, in  1.269 seconds
Platform modules already initialized, skipping
Registering precompiled user dll's ...
Registered in 0.000657 seconds.
Begin MonoManager ReloadAssembly
Native extension for LinuxStandalone target not found
Native extension for WindowsStandalone target not found
Native extension for WebGL target not found
Refreshing native plugins compatible for Editor in 0.19 ms, found 0 plugins.
Preloading 0 native plugins for Editor in 0.00 ms.
Invoked RoslynAnalysisRunner static constructor.
RoslynAnalysisRunner will not be running.
RoslynAnalysisRunner has terminated.
Mono: successfully reloaded assembly
- Completed reload, in  0.808 seconds
Platform modules already initialized, skipping
========================================================================
Worker process is ready to serve import requests
Launched and connected shader compiler UnityShaderCompiler.exe after 0.05 seconds
Refreshing native plugins compatible for Editor in 0.23 ms, found 0 plugins.
Preloading 0 native plugins for Editor in 0.00 ms.
Unloading 1104 Unused Serialized files (Serialized files now loaded: 0)
System memory in use before: 56.7 MB.
System memory in use after: 56.7 MB.

Unloading 10 unused Assets to reduce memory usage. Loaded Objects now: 1546.
Total: 1.535900 ms (FindLiveObjects: 0.122100 ms CreateObjectMapping: 0.035800 ms MarkObjects: 1.305600 ms  DeleteObjects: 0.071300 ms)

========================================================================
Received Import Request.
  path: Assets/GothicVania Church/Environment/column.png
  artifactKey: Guid(41d8855c301eb4f37bddd0d3dfac611b) Importer(815301076,1909f56bfc062723c751e8b465ee728b)
Start importing Assets/GothicVania Church/Environment/column.png using Guid(41d8855c301eb4f37bddd0d3dfac611b) Importer(815301076,1909f56bfc062723c751e8b465ee728b)  -> (artifact id: 'a8fa37b86dcb749570fa26853b6f9248') in 0.104368 seconds
  Import took 0.106388 seconds .

========================================================================
Received Import Request.
  Time since last request: 0.000266 seconds.
  path: Assets/GothicVania Church/Environment
  artifactKey: Guid(bf678482ad0bb4e2d9fc66d3ba3b925d) Importer(815301076,1909f56bfc062723c751e8b465ee728b)
Start importing Assets/GothicVania Church/Environment using Guid(bf678482ad0bb4e2d9fc66d3ba3b925d) Importer(815301076,1909f56bfc062723c751e8b465ee728b)  -> (artifact id: '63aa2622e980eddb600cdb459e4bdd4a') in 0.002461 seconds
  Import took 0.004008 seconds .

========================================================================
Received Import Request.
  Time since last request: 0.000311 seconds.
  path: Assets/GothicVania Church/Environment/tileset.png
  artifactKey: Guid(aaa6ed922388941e8a1e8c9a7cb2a712) Importer(815301076,1909f56bfc062723c751e8b465ee728b)
Start importing Assets/GothicVania Church/Environment/tileset.png using Guid(aaa6ed922388941e8a1e8c9a7cb2a712) Importer(815301076,1909f56bfc062723c751e8b465ee728b)  -> (artifact id: 'e351312116c8d10ea933210945e740f0') in 0.009236 seconds
  Import took 0.010873 seconds .

========================================================================
Received Import Request.
  Time since last request: 0.000222 seconds.
  path: Assets/GothicVania Church/Environment/bg-2.png
  artifactKey: Guid(4d106ce971166481faa32de0ba5145c0) Importer(815301076,1909f56bfc062723c751e8b465ee728b)
Start importing Assets/GothicVania Church/Environment/bg-2.png using Guid(4d106ce971166481faa32de0ba5145c0) Importer(815301076,1909f56bfc062723c751e8b465ee728b)  -> (artifact id: 'c20fb42e143eed6b2448f2496eefe913') in 0.009774 seconds
  Import took 0.011566 seconds .

========================================================================
Received Import Request.
  Time since last request: 0.000220 seconds.
  path: Assets/GothicVania Church/Environment/bg-3.png
  artifactKey: Guid(167f44201ce9c4632b387d0a0822f7f5) Importer(815301076,1909f56bfc062723c751e8b465ee728b)
Start importing Assets/GothicVania Church/Environment/bg-3.png using Guid(167f44201ce9c4632b387d0a0822f7f5) Importer(815301076,1909f56bfc062723c751e8b465ee728b)  -> (artifact id: 'd957ed41bb156a3bb8aa9c8c26c9f8b8') in 0.007652 seconds
  Import took 0.009253 seconds .

========================================================================
Received Import Request.
  Time since last request: 0.000242 seconds.
  path: Assets/GothicVania Church/Environment/bg-1.png
  artifactKey: Guid(4088e222fbea240ceb318507c580aa2e) Importer(815301076,1909f56bfc062723c751e8b465ee728b)
Start importing Assets/GothicVania Church/Environment/bg-1.png using Guid(4088e222fbea240ceb318507c580aa2e) Importer(815301076,1909f56bfc062723c751e8b465ee728b)  -> (artifact id: '22b1f3e384f5349427978bd18e4fa5f4') in 0.010747 seconds
  Import took 0.012609 seconds .

========================================================================
Received Import Request.
  Time since last request: 0.000231 seconds.
  path: Assets/GothicVania Church/Environment/bg-5.png
  artifactKey: Guid(f8298875ddc0d4fa4bb8d9a60b80fa3b) Importer(815301076,1909f56bfc062723c751e8b465ee728b)
Start importing Assets/GothicVania Church/Environment/bg-5.png using Guid(f8298875ddc0d4fa4bb8d9a60b80fa3b) Importer(815301076,1909f56bfc062723c751e8b465ee728b)  -> (artifact id: '09b44520235409975188caf5fdc52813') in 0.009253 seconds
  Import took 0.011219 seconds .

========================================================================
Received Import Request.
  Time since last request: 0.000273 seconds.
  path: Assets/GothicVania Church/Environment/bg-4.png
  artifactKey: Guid(d8254b0cb964744a0a12cf381c9356e0) Importer(815301076,1909f56bfc062723c751e8b465ee728b)
Start importing Assets/GothicVania Church/Environment/bg-4.png using Guid(d8254b0cb964744a0a12cf381c9356e0) Importer(815301076,1909f56bfc062723c751e8b465ee728b)  -> (artifact id: 'c662193c65c70026aa255fb8898ed6d9') in 0.009996 seconds
  Import took 0.011778 seconds .

========================================================================
Received Import Request.
  Time since last request: 0.009563 seconds.
  path: Assets/GothicVania Church/Environment/bg-5.png
  artifactKey: Guid(f8298875ddc0d4fa4bb8d9a60b80fa3b) Importer(815301076,1909f56bfc062723c751e8b465ee728b)
Start importing Assets/GothicVania Church/Environment/bg-5.png using Guid(f8298875ddc0d4fa4bb8d9a60b80fa3b) Importer(815301076,1909f56bfc062723c751e8b465ee728b)  -> (artifact id: '09b44520235409975188caf5fdc52813') in 0.007577 seconds
  Import took 0.009489 seconds .

========================================================================
Received Import Request.
  Time since last request: 50.739204 seconds.
  path: Assets/GothicVania Church/Scenes
  artifactKey: Guid(c471a090adba445bbab4912744c42f24) Importer(815301076,1909f56bfc062723c751e8b465ee728b)
Start importing Assets/GothicVania Church/Scenes using Guid(c471a090adba445bbab4912744c42f24) Importer(815301076,1909f56bfc062723c751e8b465ee728b)  -> (artifact id: '3000894af87ef93bbb041490b4cac3ba') in 0.005188 seconds
  Import took 0.006818 seconds .

========================================================================
Received Import Request.
  Time since last request: 1.710243 seconds.
  path: Assets/GothicVania Church/Scenes/demo.unity
  artifactKey: Guid(9dea8406e5e254282868c83e30be111b) Importer(815301076,1909f56bfc062723c751e8b465ee728b)
Start importing Assets/GothicVania Church/Scenes/demo.unity using Guid(9dea8406e5e254282868c83e30be111b) Importer(815301076,1909f56bfc062723c751e8b465ee728b)  -> (artifact id: 'c9b3de7000f930cafeb0b16f01dad87b') in 0.003914 seconds
  Import took 0.006729 seconds .

========================================================================
Received Import Request.
  Time since last request: 20.635851 seconds.
  path: Assets/GothicVania Church/Sprites
  artifactKey: Guid(da08416cc812547178a26bc586017b5b) Importer(815301076,1909f56bfc062723c751e8b465ee728b)
Start importing Assets/GothicVania Church/Sprites using Guid(da08416cc812547178a26bc586017b5b) Importer(815301076,1909f56bfc062723c751e8b465ee728b)  -> (artifact id: 'baa5ebdef929f88a5e13fccf98f88bb5') in 0.003171 seconds
  Import took 0.005648 seconds .

========================================================================
Received Import Request.
  Time since last request: 1.190548 seconds.
  path: Assets/GothicVania Church/Sprites/Enemies
  artifactKey: Guid(629803cf4b66b42d3bcf3b8f930613de) Importer(815301076,1909f56bfc062723c751e8b465ee728b)
Start importing Assets/GothicVania Church/Sprites/Enemies using Guid(629803cf4b66b42d3bcf3b8f930613de) Importer(815301076,1909f56bfc062723c751e8b465ee728b)  -> (artifact id: 'aae49ecbf260da8ff23716d6033a8ab7') in 0.003807 seconds
  Import took 0.006740 seconds .

========================================================================
Received Import Request.
  Time since last request: 0.976033 seconds.
  path: Assets/GothicVania Church/Sprites/Enemies/Burning-Ghoul
  artifactKey: Guid(dbf0453282ab847948d89c0fef976fa7) Importer(815301076,1909f56bfc062723c751e8b465ee728b)
Start importing Assets/GothicVania Church/Sprites/Enemies/Burning-Ghoul using Guid(dbf0453282ab847948d89c0fef976fa7) Importer(815301076,1909f56bfc062723c751e8b465ee728b)  -> (artifact id: '03ee31015cf532d9debbea97e5ca8b41') in 0.004108 seconds
  Import took 0.006891 seconds .

========================================================================
Received Import Request.
  Time since last request: 0.051500 seconds.
  path: Assets/GothicVania Church/Sprites/Enemies/Burning-Ghoul/burning-ghoul1.png
  artifactKey: Guid(0868bf4c36fa14dacbef0b4619f706e6) Importer(815301076,1909f56bfc062723c751e8b465ee728b)
Start importing Assets/GothicVania Church/Sprites/Enemies/Burning-Ghoul/burning-ghoul1.png using Guid(0868bf4c36fa14dacbef0b4619f706e6) Importer(815301076,1909f56bfc062723c751e8b465ee728b)  -> (artifact id: '11584d53d0a6554d28d8e5407e4bee86') in 0.012767 seconds
  Import took 0.016067 seconds .

========================================================================
Received Import Request.
  Time since last request: 0.000247 seconds.
  path: Assets/GothicVania Church/Sprites/Enemies/Burning-Ghoul/burning-ghoul4.png
  artifactKey: Guid(d51a80d9315ca4ee9872168f3eec4877) Importer(815301076,1909f56bfc062723c751e8b465ee728b)
Start importing Assets/GothicVania Church/Sprites/Enemies/Burning-Ghoul/burning-ghoul4.png using Guid(d51a80d9315ca4ee9872168f3eec4877) Importer(815301076,1909f56bfc062723c751e8b465ee728b)  -> (artifact id: 'bedf29733c5ddf18fa99e1221308527c') in 0.046508 seconds
  Import took 0.049052 seconds .

========================================================================
Received Import Request.
  Time since last request: 0.000207 seconds.
  path: Assets/GothicVania Church/Sprites/Enemies/Burning-Ghoul/burning-ghoul3.png
  artifactKey: Guid(b610a4c36c47d408183676f30f03d10d) Importer(815301076,1909f56bfc062723c751e8b465ee728b)
Start importing Assets/GothicVania Church/Sprites/Enemies/Burning-Ghoul/burning-ghoul3.png using Guid(b610a4c36c47d408183676f30f03d10d) Importer(815301076,1909f56bfc062723c751e8b465ee728b)  -> (artifact id: 'de32fa8753da048bc4ab0cbb6d8ca067') in 0.009462 seconds
  Import took 0.011482 seconds .

========================================================================
Received Import Request.
  Time since last request: 0.000244 seconds.
  path: Assets/GothicVania Church/Sprites/Enemies/Burning-Ghoul/burning-ghoul7.png
  artifactKey: Guid(32b705df7a1d4464e898d8b96d38c1cb) Importer(815301076,1909f56bfc062723c751e8b465ee728b)
Start importing Assets/GothicVania Church/Sprites/Enemies/Burning-Ghoul/burning-ghoul7.png using Guid(32b705df7a1d4464e898d8b96d38c1cb) Importer(815301076,1909f56bfc062723c751e8b465ee728b)  -> (artifact id: '4f0fa680f7730dc00831ec035038bd01') in 0.007320 seconds
  Import took 0.009161 seconds .

========================================================================
Received Import Request.
  Time since last request: 0.000280 seconds.
  path: Assets/GothicVania Church/Sprites/Enemies/Burning-Ghoul/burning-ghoul2.png
  artifactKey: Guid(4daa8d9424fb449af8be4f99d6688c8d) Importer(815301076,1909f56bfc062723c751e8b465ee728b)
Start importing Assets/GothicVania Church/Sprites/Enemies/Burning-Ghoul/burning-ghoul2.png using Guid(4daa8d9424fb449af8be4f99d6688c8d) Importer(815301076,1909f56bfc062723c751e8b465ee728b)  -> (artifact id: '16f76f1d47cc596beac04df8a6d81f86') in 0.008408 seconds
  Import took 0.010569 seconds .

========================================================================
Received Import Request.
  Time since last request: 0.000244 seconds.
  path: Assets/GothicVania Church/Sprites/Enemies/Burning-Ghoul/burning-ghoul5.png
  artifactKey: Guid(a338231a359fb437e8b7793dd9c01504) Importer(815301076,1909f56bfc062723c751e8b465ee728b)
Start importing Assets/GothicVania Church/Sprites/Enemies/Burning-Ghoul/burning-ghoul5.png using Guid(a338231a359fb437e8b7793dd9c01504) Importer(815301076,1909f56bfc062723c751e8b465ee728b)  -> (artifact id: 'd27668cbab9467c8309b9f76763b49ce') in 0.007601 seconds
  Import took 0.009576 seconds .

========================================================================
Received Import Request.
  Time since last request: 0.000203 seconds.
  path: Assets/GothicVania Church/Sprites/Enemies/Burning-Ghoul/burning-ghoul6.png
  artifactKey: Guid(8a0436343c7684990b718c9c08fcc084) Importer(815301076,1909f56bfc062723c751e8b465ee728b)
Start importing Assets/GothicVania Church/Sprites/Enemies/Burning-Ghoul/burning-ghoul6.png using Guid(8a0436343c7684990b718c9c08fcc084) Importer(815301076,1909f56bfc062723c751e8b465ee728b)  -> (artifact id: '2656c278937627b2eec6ebff948df770') in 0.007101 seconds
  Import took 0.008895 seconds .

========================================================================
Received Import Request.
  Time since last request: 0.000224 seconds.
  path: Assets/GothicVania Church/Sprites/Enemies/Burning-Ghoul/burning-ghoul8.png
  artifactKey: Guid(7d9c9cae814e7471688156a3807193d0) Importer(815301076,1909f56bfc062723c751e8b465ee728b)
Start importing Assets/GothicVania Church/Sprites/Enemies/Burning-Ghoul/burning-ghoul8.png using Guid(7d9c9cae814e7471688156a3807193d0) Importer(815301076,1909f56bfc062723c751e8b465ee728b)  -> (artifact id: '7645122646a5ebb74dbb99d3a252454e') in 0.007553 seconds
  Import took 0.009296 seconds .

========================================================================
Received Import Request.
  Time since last request: 11.665782 seconds.
  path: Assets/Scenes/demo.unity
  artifactKey: Guid(9fc0d4010bbf28b4594072e72b8655ab) Importer(815301076,1909f56bfc062723c751e8b465ee728b)
Start importing Assets/Scenes/demo.unity using Guid(9fc0d4010bbf28b4594072e72b8655ab) Importer(815301076,1909f56bfc062723c751e8b465ee728b)  -> (artifact id: '6b6de477f0928893fd97cc73465cf90a') in 0.003274 seconds
  Import took 0.005121 seconds .

========================================================================
Received Prepare
Registering precompiled user dll's ...
Registered in 0.000520 seconds.
Begin MonoManager ReloadAssembly
Native extension for LinuxStandalone target not found
Native extension for WindowsStandalone target not found
Native extension for WebGL target not found
Refreshing native plugins compatible for Editor in 0.19 ms, found 0 plugins.
Preloading 0 native plugins for Editor in 0.00 ms.
Invoked RoslynAnalysisRunner static constructor.
RoslynAnalysisRunner will not be running.
RoslynAnalysisRunner has terminated.
Mono: successfully reloaded assembly
- Completed reload, in  0.738 seconds
Platform modules already initialized, skipping
Refreshing native plugins compatible for Editor in 0.18 ms, found 0 plugins.
Preloading 0 native plugins for Editor in 0.00 ms.
Unloading 1099 Unused Serialized files (Serialized files now loaded: 0)
System memory in use before: 59.7 MB.
System memory in use after: 59.8 MB.

Unloading 5 unused Assets to reduce memory usage. Loaded Objects now: 1566.
Total: 1.677500 ms (FindLiveObjects: 0.155700 ms CreateObjectMapping: 0.036600 ms MarkObjects: 1.441700 ms  DeleteObjects: 0.042500 ms)

========================================================================
Received Prepare
Registering precompiled user dll's ...
Registered in 0.000579 seconds.
Begin MonoManager ReloadAssembly
Native extension for LinuxStandalone target not found
Native extension for WindowsStandalone target not found
Native extension for WebGL target not found
Refreshing native plugins compatible for Editor in 0.27 ms, found 0 plugins.
Preloading 0 native plugins for Editor in 0.00 ms.
Invoked RoslynAnalysisRunner static constructor.
RoslynAnalysisRunner will not be running.
RoslynAnalysisRunner has terminated.
Mono: successfully reloaded assembly
- Completed reload, in  0.706 seconds
Platform modules already initialized, skipping
Refreshing native plugins compatible for Editor in 0.21 ms, found 0 plugins.
Preloading 0 native plugins for Editor in 0.00 ms.
Unloading 1099 Unused Serialized files (Serialized files now loaded: 0)
System memory in use before: 59.8 MB.
System memory in use after: 59.8 MB.

Unloading 5 unused Assets to reduce memory usage. Loaded Objects now: 1568.
Total: 1.520400 ms (FindLiveObjects: 0.180200 ms CreateObjectMapping: 0.049600 ms MarkObjects: 1.243200 ms  DeleteObjects: 0.046000 ms)

========================================================================
Received Prepare
Registering precompiled user dll's ...
Registered in 0.000927 seconds.
Begin MonoManager ReloadAssembly
Native extension for LinuxStandalone target not found
Native extension for WindowsStandalone target not found
Native extension for WebGL target not found
Refreshing native plugins compatible for Editor in 0.20 ms, found 0 plugins.
Preloading 0 native plugins for Editor in 0.00 ms.
Invoked RoslynAnalysisRunner static constructor.
RoslynAnalysisRunner will not be running.
RoslynAnalysisRunner has terminated.
Mono: successfully reloaded assembly
- Completed reload, in  1.341 seconds
Platform modules already initialized, skipping
Refreshing native plugins compatible for Editor in 0.19 ms, found 0 plugins.
Preloading 0 native plugins for Editor in 0.00 ms.
Unloading 1099 Unused Serialized files (Serialized files now loaded: 0)
System memory in use before: 59.8 MB.
System memory in use after: 59.9 MB.

Unloading 5 unused Assets to reduce memory usage. Loaded Objects now: 1570.
Total: 1.603300 ms (FindLiveObjects: 0.133500 ms CreateObjectMapping: 0.036100 ms MarkObjects: 1.384700 ms  DeleteObjects: 0.047600 ms)

========================================================================
Received Prepare
Registering precompiled user dll's ...
Registered in 0.000567 seconds.
Begin MonoManager ReloadAssembly
Native extension for LinuxStandalone target not found
Native extension for WindowsStandalone target not found
Native extension for WebGL target not found
Refreshing native plugins compatible for Editor in 0.19 ms, found 0 plugins.
Preloading 0 native plugins for Editor in 0.00 ms.
Invoked RoslynAnalysisRunner static constructor.
RoslynAnalysisRunner will not be running.
RoslynAnalysisRunner has terminated.
Mono: successfully reloaded assembly
- Completed reload, in  0.736 seconds
Platform modules already initialized, skipping
Refreshing native plugins compatible for Editor in 0.19 ms, found 0 plugins.
Preloading 0 native plugins for Editor in 0.00 ms.
Unloading 1099 Unused Serialized files (Serialized files now loaded: 0)
System memory in use before: 59.8 MB.
System memory in use after: 59.9 MB.

Unloading 5 unused Assets to reduce memory usage. Loaded Objects now: 1572.
Total: 1.669800 ms (FindLiveObjects: 0.233600 ms CreateObjectMapping: 0.054300 ms MarkObjects: 1.335900 ms  DeleteObjects: 0.044900 ms)

========================================================================
Received Prepare
Registering precompiled user dll's ...
Registered in 0.000552 seconds.
Begin MonoManager ReloadAssembly
Native extension for LinuxStandalone target not found
Native extension for WindowsStandalone target not found
Native extension for WebGL target not found
Refreshing native plugins compatible for Editor in 0.20 ms, found 0 plugins.
Preloading 0 native plugins for Editor in 0.00 ms.
Invoked RoslynAnalysisRunner static constructor.
RoslynAnalysisRunner will not be running.
RoslynAnalysisRunner has terminated.
Mono: successfully reloaded assembly
- Completed reload, in  0.822 seconds
Platform modules already initialized, skipping
Refreshing native plugins compatible for Editor in 0.21 ms, found 0 plugins.
Preloading 0 native plugins for Editor in 0.00 ms.
Unloading 1099 Unused Serialized files (Serialized files now loaded: 0)
System memory in use before: 59.8 MB.
System memory in use after: 59.9 MB.

Unloading 5 unused Assets to reduce memory usage. Loaded Objects now: 1574.
Total: 1.486600 ms (FindLiveObjects: 0.135700 ms CreateObjectMapping: 0.036400 ms MarkObjects: 1.265400 ms  DeleteObjects: 0.047900 ms)

========================================================================
Received Prepare
Registering precompiled user dll's ...
Registered in 0.000603 seconds.
Begin MonoManager ReloadAssembly
Native extension for LinuxStandalone target not found
Native extension for WindowsStandalone target not found
Native extension for WebGL target not found
Refreshing native plugins compatible for Editor in 0.19 ms, found 0 plugins.
Preloading 0 native plugins for Editor in 0.00 ms.
Invoked RoslynAnalysisRunner static constructor.
RoslynAnalysisRunner will not be running.
RoslynAnalysisRunner has terminated.
Mono: successfully reloaded assembly
- Completed reload, in  0.801 seconds
Platform modules already initialized, skipping
Refreshing native plugins compatible for Editor in 0.21 ms, found 0 plugins.
Preloading 0 native plugins for Editor in 0.00 ms.
Unloading 1099 Unused Serialized files (Serialized files now loaded: 0)
System memory in use before: 59.8 MB.
System memory in use after: 59.9 MB.

Unloading 5 unused Assets to reduce memory usage. Loaded Objects now: 1576.
Total: 1.621300 ms (FindLiveObjects: 0.157900 ms CreateObjectMapping: 0.038900 ms MarkObjects: 1.371800 ms  DeleteObjects: 0.051100 ms)

AssetImportWorkerClient::OnTransportError - code=2 error=End of file
