Using pre-set license
Built from '2020.2/staging' branch; Version is '2020.2.6f1 (8a2143876886) revision 9052483'; Using compiler version '192528614'; Build Type 'Release'
OS: 'Windows 10 Home; OS build 19043.1165; Version 2009; 64bit' Language: 'nl' Physical Memory: 16314 MB
BatchMode: 1, IsHumanControllingUs: 0, StartBugReporterOnCrash: 0, Is64bit: 1, IsPro: 0

 COMMAND LINE ARGUMENTS:
C:\Program Files\Unity\Hub\Editor\2020.2.6f1\Editor\Unity.exe
-adb2
-batchMode
-noUpm
-name
AssetImportWorker0
-projectPath
T:/ascend/AscendReawaken
-logFile
Logs/AssetImportWorker0.log
-srvPort
63382
Successfully changed project path to: T:/ascend/AscendReawaken
T:/ascend/AscendReawaken
Using Asset Import Pipeline V2.
Refreshing native plugins compatible for Editor in 21.93 ms, found 0 plugins.
Preloading 0 native plugins for Editor in 0.00 ms.
Initialize engine version: 2020.2.6f1 (8a2143876886)
[Subsystems] Discovering subsystems at path C:/Program Files/Unity/Hub/Editor/2020.2.6f1/Editor/Data/Resources/UnitySubsystems
[Subsystems] Discovering subsystems at path T:/ascend/AscendReawaken/Assets
GfxDevice: creating device client; threaded=0
Direct3D:
    Version:  Direct3D 11.0 [level 11.1]
    Renderer: NVIDIA GeForce GTX 1070 (ID=0x1b81)
    Vendor:   
    VRAM:     8088 MB
    Driver:   30.0.14.7111
Initialize mono
Mono path[0] = 'C:/Program Files/Unity/Hub/Editor/2020.2.6f1/Editor/Data/Managed'
Mono path[1] = 'C:/Program Files/Unity/Hub/Editor/2020.2.6f1/Editor/Data/MonoBleedingEdge/lib/mono/unityjit'
Mono config path = 'C:/Program Files/Unity/Hub/Editor/2020.2.6f1/Editor/Data/MonoBleedingEdge/etc'
Using monoOptions --debugger-agent=transport=dt_socket,embedding=1,server=y,suspend=n,address=127.0.0.1:56724
Begin MonoManager ReloadAssembly
Registering precompiled unity dll's ...
Register platform support module: C:/Program Files/Unity/Hub/Editor/2020.2.6f1/Editor/Data/PlaybackEngines/WebGLSupport/UnityEditor.WebGL.Extensions.dll
Register platform support module: C:/Program Files/Unity/Hub/Editor/2020.2.6f1/Editor/Data/PlaybackEngines/WindowsStandaloneSupport/UnityEditor.WindowsStandalone.Extensions.dll
Register platform support module: C:/Program Files/Unity/Hub/Editor/2020.2.6f1/Editor/Data/PlaybackEngines/LinuxStandaloneSupport/UnityEditor.LinuxStandalone.Extensions.dll
Registered in 0.003367 seconds.
Native extension for LinuxStandalone target not found
Native extension for WindowsStandalone target not found
Native extension for WebGL target not found
Refreshing native plugins compatible for Editor in 22.91 ms, found 0 plugins.
Preloading 0 native plugins for Editor in 0.00 ms.
Invoked RoslynAnalysisRunner static constructor.
RoslynAnalysisRunner will not be running.
RoslynAnalysisRunner has terminated.
Mono: successfully reloaded assembly
- Completed reload, in  1.370 seconds
Platform modules already initialized, skipping
Registering precompiled user dll's ...
Registered in 0.000500 seconds.
Begin MonoManager ReloadAssembly
Native extension for LinuxStandalone target not found
Native extension for WindowsStandalone target not found
Native extension for WebGL target not found
Refreshing native plugins compatible for Editor in 0.18 ms, found 0 plugins.
Preloading 0 native plugins for Editor in 0.00 ms.
Invoked RoslynAnalysisRunner static constructor.
RoslynAnalysisRunner will not be running.
RoslynAnalysisRunner has terminated.
Mono: successfully reloaded assembly
- Completed reload, in  0.857 seconds
Platform modules already initialized, skipping
========================================================================
Worker process is ready to serve import requests
Launched and connected shader compiler UnityShaderCompiler.exe after 0.05 seconds
Refreshing native plugins compatible for Editor in 0.18 ms, found 0 plugins.
Preloading 0 native plugins for Editor in 0.00 ms.
Unloading 1103 Unused Serialized files (Serialized files now loaded: 0)
System memory in use before: 56.6 MB.
System memory in use after: 56.7 MB.

Unloading 10 unused Assets to reduce memory usage. Loaded Objects now: 1544.
Total: 1.562000 ms (FindLiveObjects: 0.120000 ms CreateObjectMapping: 0.035600 ms MarkObjects: 1.338400 ms  DeleteObjects: 0.066900 ms)

========================================================================
Received Import Request.
  path: Assets/Scenes/SampleScene.unity
  artifactKey: Guid(9fc0d4010bbf28b4594072e72b8655ab) Importer(815301076,1909f56bfc062723c751e8b465ee728b)
Start importing Assets/Scenes/SampleScene.unity using Guid(9fc0d4010bbf28b4594072e72b8655ab) Importer(815301076,1909f56bfc062723c751e8b465ee728b)  -> (artifact id: '6c0d96e498f3f425048f0860a2a49f78') in 0.018130 seconds
  Import took 0.019909 seconds .

========================================================================
Received Import Request.
  Time since last request: 0.000261 seconds.
  path: Assets/Scenes
  artifactKey: Guid(af2666dc2bfa3784186315dc10571656) Importer(815301076,1909f56bfc062723c751e8b465ee728b)
Start importing Assets/Scenes using Guid(af2666dc2bfa3784186315dc10571656) Importer(815301076,1909f56bfc062723c751e8b465ee728b)  -> (artifact id: 'e9b0059145dc037ce6296c09c4452503') in 0.002979 seconds
  Import took 0.004629 seconds .

========================================================================
Received Import Request.
  Time since last request: 1.592648 seconds.
  path: Assets/Scenes/demo.unity
  artifactKey: Guid(9fc0d4010bbf28b4594072e72b8655ab) Importer(815301076,1909f56bfc062723c751e8b465ee728b)
Start importing Assets/Scenes/demo.unity using Guid(9fc0d4010bbf28b4594072e72b8655ab) Importer(815301076,1909f56bfc062723c751e8b465ee728b)  -> (artifact id: '9016defee8bf11f60444589234edf396') in 0.003253 seconds
  Import took 0.005145 seconds .

========================================================================
Received Import Request.
  Time since last request: 80.981711 seconds.
  path: Assets/character/player.png
  artifactKey: Guid(e1d82c8e2dee1a34ba29dd67492699fb) Importer(815301076,1909f56bfc062723c751e8b465ee728b)
Start importing Assets/character/player.png using Guid(e1d82c8e2dee1a34ba29dd67492699fb) Importer(815301076,1909f56bfc062723c751e8b465ee728b)  -> (artifact id: '230c02020639b119a4f16a6841bf58c2') in 0.120601 seconds
  Import took 0.123196 seconds .

========================================================================
Received Import Request.
  Time since last request: 0.000258 seconds.
  path: Assets/character/player.psd
  artifactKey: Guid(5b642e979e5a22748adbc881182a52d7) Importer(815301076,1909f56bfc062723c751e8b465ee728b)
Start importing Assets/character/player.psd using Guid(5b642e979e5a22748adbc881182a52d7) Importer(815301076,1909f56bfc062723c751e8b465ee728b)  -> (artifact id: '229de1795f2ec6c603c0dbd3d2ba5594') in 0.019169 seconds
  Import took 0.021401 seconds .

========================================================================
Received Import Request.
  Time since last request: 0.000227 seconds.
  path: Assets/character/player.png
  artifactKey: Guid(e1d82c8e2dee1a34ba29dd67492699fb) Importer(815301076,1909f56bfc062723c751e8b465ee728b)
Start importing Assets/character/player.png using Guid(e1d82c8e2dee1a34ba29dd67492699fb) Importer(815301076,1909f56bfc062723c751e8b465ee728b)  -> (artifact id: '230c02020639b119a4f16a6841bf58c2') in 0.014162 seconds
  Import took 0.016015 seconds .

========================================================================
Received Import Request.
  Time since last request: 0.000235 seconds.
  path: Assets/character/player.psd
  artifactKey: Guid(5b642e979e5a22748adbc881182a52d7) Importer(815301076,1909f56bfc062723c751e8b465ee728b)
Start importing Assets/character/player.psd using Guid(5b642e979e5a22748adbc881182a52d7) Importer(815301076,1909f56bfc062723c751e8b465ee728b)  -> (artifact id: '229de1795f2ec6c603c0dbd3d2ba5594') in 0.012112 seconds
  Import took 0.014135 seconds .

========================================================================
Received Prepare
Registering precompiled user dll's ...
Registered in 0.000525 seconds.
Begin MonoManager ReloadAssembly
Native extension for LinuxStandalone target not found
Native extension for WindowsStandalone target not found
Native extension for WebGL target not found
Refreshing native plugins compatible for Editor in 0.29 ms, found 0 plugins.
Preloading 0 native plugins for Editor in 0.00 ms.
Invoked RoslynAnalysisRunner static constructor.
RoslynAnalysisRunner will not be running.
RoslynAnalysisRunner has terminated.
Mono: successfully reloaded assembly
- Completed reload, in  0.851 seconds
Platform modules already initialized, skipping
Refreshing native plugins compatible for Editor in 0.18 ms, found 0 plugins.
Preloading 0 native plugins for Editor in 0.00 ms.
Unloading 1098 Unused Serialized files (Serialized files now loaded: 0)
System memory in use before: 59.7 MB.
System memory in use after: 59.8 MB.

Unloading 5 unused Assets to reduce memory usage. Loaded Objects now: 1552.
Total: 2.928100 ms (FindLiveObjects: 0.323600 ms CreateObjectMapping: 0.101800 ms MarkObjects: 2.441700 ms  DeleteObjects: 0.059400 ms)

========================================================================
Received Prepare
Registering precompiled user dll's ...
Registered in 0.000630 seconds.
Begin MonoManager ReloadAssembly
Native extension for LinuxStandalone target not found
Native extension for WindowsStandalone target not found
Native extension for WebGL target not found
Refreshing native plugins compatible for Editor in 0.82 ms, found 0 plugins.
Preloading 0 native plugins for Editor in 0.00 ms.
Invoked RoslynAnalysisRunner static constructor.
RoslynAnalysisRunner will not be running.
RoslynAnalysisRunner has terminated.
Mono: successfully reloaded assembly
- Completed reload, in  0.932 seconds
Platform modules already initialized, skipping
Refreshing native plugins compatible for Editor in 0.71 ms, found 0 plugins.
Preloading 0 native plugins for Editor in 0.00 ms.
Unloading 1098 Unused Serialized files (Serialized files now loaded: 0)
System memory in use before: 59.8 MB.
System memory in use after: 59.8 MB.

Unloading 5 unused Assets to reduce memory usage. Loaded Objects now: 1554.
Total: 1.702800 ms (FindLiveObjects: 0.115700 ms CreateObjectMapping: 0.033100 ms MarkObjects: 1.501800 ms  DeleteObjects: 0.051000 ms)

========================================================================
Received Import Request.
  Time since last request: 138.401256 seconds.
  path: Assets/character/player.psd
  artifactKey: Guid(5b642e979e5a22748adbc881182a52d7) Importer(815301076,1909f56bfc062723c751e8b465ee728b)
Start importing Assets/character/player.psd using Guid(5b642e979e5a22748adbc881182a52d7) Importer(815301076,1909f56bfc062723c751e8b465ee728b)  -> (artifact id: '85df41d83f7b0fe6d48e72d1dd49dc2c') in 0.052378 seconds
  Import took 0.054120 seconds .

========================================================================
Received Import Request.
  Time since last request: 10.022737 seconds.
  path: Assets/character/player.psd
  artifactKey: Guid(5b642e979e5a22748adbc881182a52d7) Importer(815301076,1909f56bfc062723c751e8b465ee728b)
Start importing Assets/character/player.psd using Guid(5b642e979e5a22748adbc881182a52d7) Importer(815301076,1909f56bfc062723c751e8b465ee728b)  -> (artifact id: '6a28eb20e07396da3f3dd87506ee8d77') in 0.005902 seconds
  Import took 0.010477 seconds .

========================================================================
Received Import Request.
  Time since last request: 18.791789 seconds.
  path: Assets/character/player.psd
  artifactKey: Guid(5b642e979e5a22748adbc881182a52d7) Importer(815301076,1909f56bfc062723c751e8b465ee728b)
Start importing Assets/character/player.psd using Guid(5b642e979e5a22748adbc881182a52d7) Importer(815301076,1909f56bfc062723c751e8b465ee728b)  -> (artifact id: 'ea7689a52e37f72b0400bc21c1da7a82') in 0.006235 seconds
  Import took 0.008507 seconds .

========================================================================
Received Import Request.
  Time since last request: 0.019762 seconds.
  path: Assets/character/player.psd
  artifactKey: Guid(5b642e979e5a22748adbc881182a52d7) Importer(815301076,1909f56bfc062723c751e8b465ee728b)
Start importing Assets/character/player.psd using Guid(5b642e979e5a22748adbc881182a52d7) Importer(815301076,1909f56bfc062723c751e8b465ee728b)  -> (artifact id: 'ea7689a52e37f72b0400bc21c1da7a82') in 0.011778 seconds
  Import took 0.014017 seconds .

========================================================================
Received Import Request.
  Time since last request: 19.408231 seconds.
  path: Assets/character/player.psd
  artifactKey: Guid(5b642e979e5a22748adbc881182a52d7) Importer(815301076,1909f56bfc062723c751e8b465ee728b)
Start importing Assets/character/player.psd using Guid(5b642e979e5a22748adbc881182a52d7) Importer(815301076,1909f56bfc062723c751e8b465ee728b)  -> (artifact id: 'f6ef4bf6d36c3171add0eecdf5719507') in 0.006422 seconds
  Import took 0.008853 seconds .

========================================================================
Received Import Request.
  Time since last request: 11.686204 seconds.
  path: Assets/character/player.psd
  artifactKey: Guid(5b642e979e5a22748adbc881182a52d7) Importer(815301076,1909f56bfc062723c751e8b465ee728b)
Start importing Assets/character/player.psd using Guid(5b642e979e5a22748adbc881182a52d7) Importer(815301076,1909f56bfc062723c751e8b465ee728b)  -> (artifact id: 'd0126688c964e7faabb8533444a906bf') in 0.007443 seconds
  Import took 0.009286 seconds .

========================================================================
Received Import Request.
  Time since last request: 0.019305 seconds.
  path: Assets/character/player.psd
  artifactKey: Guid(5b642e979e5a22748adbc881182a52d7) Importer(815301076,1909f56bfc062723c751e8b465ee728b)
Start importing Assets/character/player.psd using Guid(5b642e979e5a22748adbc881182a52d7) Importer(815301076,1909f56bfc062723c751e8b465ee728b)  -> (artifact id: 'd0126688c964e7faabb8533444a906bf') in 0.008093 seconds
  Import took 0.010299 seconds .

========================================================================
Received Import Request.
  Time since last request: 29.926524 seconds.
  path: Assets/character/player.psd
  artifactKey: Guid(5b642e979e5a22748adbc881182a52d7) Importer(815301076,1909f56bfc062723c751e8b465ee728b)
Start importing Assets/character/player.psd using Guid(5b642e979e5a22748adbc881182a52d7) Importer(815301076,1909f56bfc062723c751e8b465ee728b)  -> (artifact id: '984dd98378024dc0b107ef608040feea') in 0.008435 seconds
  Import took 0.010630 seconds .

========================================================================
Received Import Request.
  Time since last request: 0.018610 seconds.
  path: Assets/character/player.psd
  artifactKey: Guid(5b642e979e5a22748adbc881182a52d7) Importer(815301076,1909f56bfc062723c751e8b465ee728b)
Start importing Assets/character/player.psd using Guid(5b642e979e5a22748adbc881182a52d7) Importer(815301076,1909f56bfc062723c751e8b465ee728b)  -> (artifact id: '984dd98378024dc0b107ef608040feea') in 0.011482 seconds
  Import took 0.013604 seconds .

========================================================================
Received Import Request.
  Time since last request: 18.711828 seconds.
  path: Assets/character/player.psd
  artifactKey: Guid(5b642e979e5a22748adbc881182a52d7) Importer(815301076,1909f56bfc062723c751e8b465ee728b)
Start importing Assets/character/player.psd using Guid(5b642e979e5a22748adbc881182a52d7) Importer(815301076,1909f56bfc062723c751e8b465ee728b)  -> (artifact id: '2910e4355505462422ca9ef728f6bb13') in 0.008660 seconds
  Import took 0.011093 seconds .

========================================================================
Received Import Request.
  Time since last request: 0.020127 seconds.
  path: Assets/character/player.psd
  artifactKey: Guid(5b642e979e5a22748adbc881182a52d7) Importer(815301076,1909f56bfc062723c751e8b465ee728b)
Start importing Assets/character/player.psd using Guid(5b642e979e5a22748adbc881182a52d7) Importer(815301076,1909f56bfc062723c751e8b465ee728b)  -> (artifact id: '2910e4355505462422ca9ef728f6bb13') in 0.009057 seconds
  Import took 0.012160 seconds .

========================================================================
Received Import Request.
  Time since last request: 16.630188 seconds.
  path: Assets/character/player.psd
  artifactKey: Guid(5b642e979e5a22748adbc881182a52d7) Importer(815301076,1909f56bfc062723c751e8b465ee728b)
Start importing Assets/character/player.psd using Guid(5b642e979e5a22748adbc881182a52d7) Importer(815301076,1909f56bfc062723c751e8b465ee728b)  -> (artifact id: '4c38947102a427869c63d174450c6f88') in 0.008446 seconds
  Import took 0.010580 seconds .

========================================================================
Received Import Request.
  Time since last request: 0.018487 seconds.
  path: Assets/character/player.psd
  artifactKey: Guid(5b642e979e5a22748adbc881182a52d7) Importer(815301076,1909f56bfc062723c751e8b465ee728b)
Start importing Assets/character/player.psd using Guid(5b642e979e5a22748adbc881182a52d7) Importer(815301076,1909f56bfc062723c751e8b465ee728b)  -> (artifact id: '4c38947102a427869c63d174450c6f88') in 0.007453 seconds
  Import took 0.009764 seconds .

========================================================================
Received Import Request.
  Time since last request: 11.323371 seconds.
  path: Assets/character/player.png
  artifactKey: Guid(e1d82c8e2dee1a34ba29dd67492699fb) Importer(815301076,1909f56bfc062723c751e8b465ee728b)
Start importing Assets/character/player.png using Guid(e1d82c8e2dee1a34ba29dd67492699fb) Importer(815301076,1909f56bfc062723c751e8b465ee728b)  -> (artifact id: 'a88a98c38a90aa5c44bdd29263ceb811') in 0.007319 seconds
  Import took 0.009187 seconds .

========================================================================
Received Import Request.
  Time since last request: 0.016283 seconds.
  path: Assets/character/player.png
  artifactKey: Guid(e1d82c8e2dee1a34ba29dd67492699fb) Importer(815301076,1909f56bfc062723c751e8b465ee728b)
Start importing Assets/character/player.png using Guid(e1d82c8e2dee1a34ba29dd67492699fb) Importer(815301076,1909f56bfc062723c751e8b465ee728b)  -> (artifact id: 'a88a98c38a90aa5c44bdd29263ceb811') in 0.012962 seconds
  Import took 0.015106 seconds .

========================================================================
Received Import Request.
  Time since last request: 49.262033 seconds.
  path: Assets/character/player.psd
  artifactKey: Guid(5b642e979e5a22748adbc881182a52d7) Importer(815301076,1909f56bfc062723c751e8b465ee728b)
Start importing Assets/character/player.psd using Guid(5b642e979e5a22748adbc881182a52d7) Importer(815301076,1909f56bfc062723c751e8b465ee728b)  -> (artifact id: '3b0693e3470c23fe3bc7f15bb2516037') in 0.007259 seconds
  Import took 0.010207 seconds .

========================================================================
Received Import Request.
  Time since last request: 0.021245 seconds.
  path: Assets/character/player.psd
  artifactKey: Guid(5b642e979e5a22748adbc881182a52d7) Importer(815301076,1909f56bfc062723c751e8b465ee728b)
Start importing Assets/character/player.psd using Guid(5b642e979e5a22748adbc881182a52d7) Importer(815301076,1909f56bfc062723c751e8b465ee728b)  -> (artifact id: '3b0693e3470c23fe3bc7f15bb2516037') in 0.008715 seconds
  Import took 0.011817 seconds .

========================================================================
Received Import Request.
  Time since last request: 35.469762 seconds.
  path: Assets/character/player.png
  artifactKey: Guid(e1d82c8e2dee1a34ba29dd67492699fb) Importer(815301076,1909f56bfc062723c751e8b465ee728b)
Start importing Assets/character/player.png using Guid(e1d82c8e2dee1a34ba29dd67492699fb) Importer(815301076,1909f56bfc062723c751e8b465ee728b)  -> (artifact id: 'c682127b4cf8e59b1f990ace99fd73ba') in 0.007960 seconds
  Import took 0.009988 seconds .

========================================================================
Received Import Request.
  Time since last request: 0.015147 seconds.
  path: Assets/character/player.png
  artifactKey: Guid(e1d82c8e2dee1a34ba29dd67492699fb) Importer(815301076,1909f56bfc062723c751e8b465ee728b)
Start importing Assets/character/player.png using Guid(e1d82c8e2dee1a34ba29dd67492699fb) Importer(815301076,1909f56bfc062723c751e8b465ee728b)  -> (artifact id: 'c682127b4cf8e59b1f990ace99fd73ba') in 0.013280 seconds
  Import took 0.015130 seconds .

========================================================================
Received Import Request.
  Time since last request: 6.482325 seconds.
  path: Assets/character/player.png
  artifactKey: Guid(e1d82c8e2dee1a34ba29dd67492699fb) Importer(815301076,1909f56bfc062723c751e8b465ee728b)
Start importing Assets/character/player.png using Guid(e1d82c8e2dee1a34ba29dd67492699fb) Importer(815301076,1909f56bfc062723c751e8b465ee728b)  -> (artifact id: 'fdb995e1d441d935330690e04bec08f9') in 0.011387 seconds
  Import took 0.013776 seconds .

========================================================================
Received Import Request.
  Time since last request: 0.010117 seconds.
  path: Assets/character/player.png
  artifactKey: Guid(e1d82c8e2dee1a34ba29dd67492699fb) Importer(815301076,1909f56bfc062723c751e8b465ee728b)
Start importing Assets/character/player.png using Guid(e1d82c8e2dee1a34ba29dd67492699fb) Importer(815301076,1909f56bfc062723c751e8b465ee728b)  -> (artifact id: 'fdb995e1d441d935330690e04bec08f9') in 0.011404 seconds
  Import took 0.014958 seconds .

========================================================================
Received Import Request.
  Time since last request: 115.497458 seconds.
  path: Assets/character
  artifactKey: Guid(3c462068089297c4185a3f823866a2e8) Importer(815301076,1909f56bfc062723c751e8b465ee728b)
Start importing Assets/character using Guid(3c462068089297c4185a3f823866a2e8) Importer(815301076,1909f56bfc062723c751e8b465ee728b)  -> (artifact id: '2c578de14a7246e961a390b2473c0eaf') in 0.004057 seconds
  Import took 0.005848 seconds .

========================================================================
Received Import Request.
  Time since last request: 7.454055 seconds.
  path: Assets/character/player.png
  artifactKey: Guid(e1d82c8e2dee1a34ba29dd67492699fb) Importer(815301076,1909f56bfc062723c751e8b465ee728b)
Start importing Assets/character/player.png using Guid(e1d82c8e2dee1a34ba29dd67492699fb) Importer(815301076,1909f56bfc062723c751e8b465ee728b)  -> (artifact id: 'bb852c8c747e3736e3403b5ebb4ec166') in 0.009108 seconds
  Import took 0.011220 seconds .

========================================================================
Received Import Request.
  Time since last request: 0.014874 seconds.
  path: Assets/character/player.png
  artifactKey: Guid(e1d82c8e2dee1a34ba29dd67492699fb) Importer(815301076,1909f56bfc062723c751e8b465ee728b)
Start importing Assets/character/player.png using Guid(e1d82c8e2dee1a34ba29dd67492699fb) Importer(815301076,1909f56bfc062723c751e8b465ee728b)  -> (artifact id: 'bb852c8c747e3736e3403b5ebb4ec166') in 0.008709 seconds
  Import took 0.011350 seconds .

========================================================================
Received Import Request.
  Time since last request: 5.425505 seconds.
  path: Assets/character/player.png
  artifactKey: Guid(e1d82c8e2dee1a34ba29dd67492699fb) Importer(815301076,1909f56bfc062723c751e8b465ee728b)
Start importing Assets/character/player.png using Guid(e1d82c8e2dee1a34ba29dd67492699fb) Importer(815301076,1909f56bfc062723c751e8b465ee728b)  -> (artifact id: '52034bfa827705cf93a271c3ec7bf889') in 0.007595 seconds
  Import took 0.009347 seconds .

========================================================================
Received Import Request.
  Time since last request: 0.017593 seconds.
  path: Assets/character/player.png
  artifactKey: Guid(e1d82c8e2dee1a34ba29dd67492699fb) Importer(815301076,1909f56bfc062723c751e8b465ee728b)
Start importing Assets/character/player.png using Guid(e1d82c8e2dee1a34ba29dd67492699fb) Importer(815301076,1909f56bfc062723c751e8b465ee728b)  -> (artifact id: '52034bfa827705cf93a271c3ec7bf889') in 0.011423 seconds
  Import took 0.013468 seconds .

========================================================================
Received Prepare
Registering precompiled user dll's ...
Registered in 0.000553 seconds.
Begin MonoManager ReloadAssembly
Native extension for LinuxStandalone target not found
Native extension for WindowsStandalone target not found
Native extension for WebGL target not found
Refreshing native plugins compatible for Editor in 0.19 ms, found 0 plugins.
Preloading 0 native plugins for Editor in 0.00 ms.
Invoked RoslynAnalysisRunner static constructor.
RoslynAnalysisRunner will not be running.
RoslynAnalysisRunner has terminated.
Mono: successfully reloaded assembly
- Completed reload, in  0.766 seconds
Platform modules already initialized, skipping
Refreshing native plugins compatible for Editor in 0.22 ms, found 0 plugins.
Preloading 0 native plugins for Editor in 0.00 ms.
Unloading 1098 Unused Serialized files (Serialized files now loaded: 0)
System memory in use before: 59.8 MB.
System memory in use after: 59.9 MB.

Unloading 5 unused Assets to reduce memory usage. Loaded Objects now: 1558.
Total: 1.531500 ms (FindLiveObjects: 0.129300 ms CreateObjectMapping: 0.032600 ms MarkObjects: 1.323600 ms  DeleteObjects: 0.044300 ms)

========================================================================
Received Prepare
Registering precompiled user dll's ...
Registered in 0.000591 seconds.
Begin MonoManager ReloadAssembly
Native extension for LinuxStandalone target not found
Native extension for WindowsStandalone target not found
Native extension for WebGL target not found
Refreshing native plugins compatible for Editor in 0.19 ms, found 0 plugins.
Preloading 0 native plugins for Editor in 0.00 ms.
Invoked RoslynAnalysisRunner static constructor.
RoslynAnalysisRunner will not be running.
RoslynAnalysisRunner has terminated.
Mono: successfully reloaded assembly
- Completed reload, in  0.743 seconds
Platform modules already initialized, skipping
Refreshing native plugins compatible for Editor in 0.31 ms, found 0 plugins.
Preloading 0 native plugins for Editor in 0.00 ms.
Unloading 1098 Unused Serialized files (Serialized files now loaded: 0)
System memory in use before: 59.8 MB.
System memory in use after: 59.9 MB.

Unloading 5 unused Assets to reduce memory usage. Loaded Objects now: 1560.
Total: 1.575500 ms (FindLiveObjects: 0.121200 ms CreateObjectMapping: 0.033400 ms MarkObjects: 1.377100 ms  DeleteObjects: 0.042500 ms)

========================================================================
Received Import Request.
  Time since last request: 528.392397 seconds.
  path: Assets/assets/floor.png
  artifactKey: Guid(53e12cb20a03a74478aecfc582c3c7ec) Importer(815301076,1909f56bfc062723c751e8b465ee728b)
Start importing Assets/assets/floor.png using Guid(53e12cb20a03a74478aecfc582c3c7ec) Importer(815301076,1909f56bfc062723c751e8b465ee728b)  -> (artifact id: '3d02ee2166c55f02c0669c51275def81') in 0.034488 seconds
  Import took 0.036860 seconds .

========================================================================
Received Import Request.
  Time since last request: 0.000279 seconds.
  path: Assets/assets/floor.psd
  artifactKey: Guid(3f9c665eabba94e479b466d45e940ad7) Importer(815301076,1909f56bfc062723c751e8b465ee728b)
Start importing Assets/assets/floor.psd using Guid(3f9c665eabba94e479b466d45e940ad7) Importer(815301076,1909f56bfc062723c751e8b465ee728b)  -> (artifact id: 'b3c8aa3265059e9f6694e9e77756de96') in 0.007692 seconds
  Import took 0.009450 seconds .

========================================================================
Received Import Request.
  Time since last request: 32.745685 seconds.
  path: Assets/assets/floor.png
  artifactKey: Guid(53e12cb20a03a74478aecfc582c3c7ec) Importer(815301076,1909f56bfc062723c751e8b465ee728b)
Start importing Assets/assets/floor.png using Guid(53e12cb20a03a74478aecfc582c3c7ec) Importer(815301076,1909f56bfc062723c751e8b465ee728b)  -> (artifact id: '731771f55ba63d56470aae3021f7dee7') in 0.027196 seconds
  Import took 0.028982 seconds .

========================================================================
Received Import Request.
  Time since last request: 0.009259 seconds.
  path: Assets/assets/floor.png
  artifactKey: Guid(53e12cb20a03a74478aecfc582c3c7ec) Importer(815301076,1909f56bfc062723c751e8b465ee728b)
Start importing Assets/assets/floor.png using Guid(53e12cb20a03a74478aecfc582c3c7ec) Importer(815301076,1909f56bfc062723c751e8b465ee728b)  -> (artifact id: '731771f55ba63d56470aae3021f7dee7') in 0.007943 seconds
  Import took 0.009931 seconds .

========================================================================
Received Import Request.
  Time since last request: 5.624088 seconds.
  path: Assets/assets/floor.png
  artifactKey: Guid(53e12cb20a03a74478aecfc582c3c7ec) Importer(815301076,1909f56bfc062723c751e8b465ee728b)
Start importing Assets/assets/floor.png using Guid(53e12cb20a03a74478aecfc582c3c7ec) Importer(815301076,1909f56bfc062723c751e8b465ee728b)  -> (artifact id: 'ed9f806893b1d7315ceb3b076bf54d2f') in 0.009431 seconds
  Import took 0.011102 seconds .

========================================================================
Received Import Request.
  Time since last request: 0.015652 seconds.
  path: Assets/assets/floor.png
  artifactKey: Guid(53e12cb20a03a74478aecfc582c3c7ec) Importer(815301076,1909f56bfc062723c751e8b465ee728b)
Start importing Assets/assets/floor.png using Guid(53e12cb20a03a74478aecfc582c3c7ec) Importer(815301076,1909f56bfc062723c751e8b465ee728b)  -> (artifact id: 'ed9f806893b1d7315ceb3b076bf54d2f') in 0.013004 seconds
  Import took 0.014958 seconds .

========================================================================
Received Prepare
Registering precompiled user dll's ...
Registered in 0.000544 seconds.
Begin MonoManager ReloadAssembly
Native extension for LinuxStandalone target not found
Native extension for WindowsStandalone target not found
Native extension for WebGL target not found
Refreshing native plugins compatible for Editor in 0.18 ms, found 0 plugins.
Preloading 0 native plugins for Editor in 0.00 ms.
Invoked RoslynAnalysisRunner static constructor.
RoslynAnalysisRunner will not be running.
RoslynAnalysisRunner has terminated.
Mono: successfully reloaded assembly
- Completed reload, in  0.770 seconds
Platform modules already initialized, skipping
Refreshing native plugins compatible for Editor in 0.18 ms, found 0 plugins.
Preloading 0 native plugins for Editor in 0.00 ms.
Unloading 1098 Unused Serialized files (Serialized files now loaded: 0)
System memory in use before: 59.8 MB.
System memory in use after: 59.9 MB.

Unloading 5 unused Assets to reduce memory usage. Loaded Objects now: 1566.
Total: 1.518300 ms (FindLiveObjects: 0.111900 ms CreateObjectMapping: 0.029300 ms MarkObjects: 1.317200 ms  DeleteObjects: 0.042000 ms)

========================================================================
Received Prepare
Registering precompiled user dll's ...
Registered in 0.000782 seconds.
Begin MonoManager ReloadAssembly
Native extension for LinuxStandalone target not found
Native extension for WindowsStandalone target not found
Native extension for WebGL target not found
Refreshing native plugins compatible for Editor in 0.28 ms, found 0 plugins.
Preloading 0 native plugins for Editor in 0.00 ms.
Invoked RoslynAnalysisRunner static constructor.
RoslynAnalysisRunner will not be running.
RoslynAnalysisRunner has terminated.
Mono: successfully reloaded assembly
- Completed reload, in  0.779 seconds
Platform modules already initialized, skipping
Refreshing native plugins compatible for Editor in 0.21 ms, found 0 plugins.
Preloading 0 native plugins for Editor in 0.00 ms.
Unloading 1098 Unused Serialized files (Serialized files now loaded: 0)
System memory in use before: 59.8 MB.
System memory in use after: 59.9 MB.

Unloading 5 unused Assets to reduce memory usage. Loaded Objects now: 1568.
Total: 1.709900 ms (FindLiveObjects: 0.284600 ms CreateObjectMapping: 0.083900 ms MarkObjects: 1.292700 ms  DeleteObjects: 0.047400 ms)

========================================================================
Received Prepare
Registering precompiled user dll's ...
Registered in 0.000581 seconds.
Begin MonoManager ReloadAssembly
Native extension for LinuxStandalone target not found
Native extension for WindowsStandalone target not found
Native extension for WebGL target not found
Refreshing native plugins compatible for Editor in 0.18 ms, found 0 plugins.
Preloading 0 native plugins for Editor in 0.00 ms.
Invoked RoslynAnalysisRunner static constructor.
RoslynAnalysisRunner will not be running.
RoslynAnalysisRunner has terminated.
Mono: successfully reloaded assembly
- Completed reload, in  0.775 seconds
Platform modules already initialized, skipping
Refreshing native plugins compatible for Editor in 0.32 ms, found 0 plugins.
Preloading 0 native plugins for Editor in 0.00 ms.
Unloading 1098 Unused Serialized files (Serialized files now loaded: 0)
System memory in use before: 59.8 MB.
System memory in use after: 59.9 MB.

Unloading 5 unused Assets to reduce memory usage. Loaded Objects now: 1570.
Total: 2.385100 ms (FindLiveObjects: 0.144500 ms CreateObjectMapping: 0.039300 ms MarkObjects: 2.137700 ms  DeleteObjects: 0.062200 ms)

========================================================================
Received Prepare
Registering precompiled user dll's ...
Registered in 0.001032 seconds.
Begin MonoManager ReloadAssembly
Native extension for LinuxStandalone target not found
Native extension for WindowsStandalone target not found
Native extension for WebGL target not found
Refreshing native plugins compatible for Editor in 0.22 ms, found 0 plugins.
Preloading 0 native plugins for Editor in 0.00 ms.
Invoked RoslynAnalysisRunner static constructor.
RoslynAnalysisRunner will not be running.
RoslynAnalysisRunner has terminated.
Mono: successfully reloaded assembly
- Completed reload, in  0.757 seconds
Platform modules already initialized, skipping
Refreshing native plugins compatible for Editor in 0.17 ms, found 0 plugins.
Preloading 0 native plugins for Editor in 0.00 ms.
Unloading 1098 Unused Serialized files (Serialized files now loaded: 0)
System memory in use before: 59.8 MB.
System memory in use after: 59.9 MB.

Unloading 5 unused Assets to reduce memory usage. Loaded Objects now: 1572.
Total: 1.738600 ms (FindLiveObjects: 0.166100 ms CreateObjectMapping: 0.034400 ms MarkObjects: 1.488500 ms  DeleteObjects: 0.048600 ms)

========================================================================
Received Prepare
Registering precompiled user dll's ...
Registered in 0.000570 seconds.
Begin MonoManager ReloadAssembly
Native extension for LinuxStandalone target not found
Native extension for WindowsStandalone target not found
Native extension for WebGL target not found
Refreshing native plugins compatible for Editor in 0.21 ms, found 0 plugins.
Preloading 0 native plugins for Editor in 0.00 ms.
Invoked RoslynAnalysisRunner static constructor.
RoslynAnalysisRunner will not be running.
RoslynAnalysisRunner has terminated.
Mono: successfully reloaded assembly
- Completed reload, in  0.770 seconds
Platform modules already initialized, skipping
Refreshing native plugins compatible for Editor in 0.18 ms, found 0 plugins.
Preloading 0 native plugins for Editor in 0.00 ms.
Unloading 1098 Unused Serialized files (Serialized files now loaded: 0)
System memory in use before: 59.8 MB.
System memory in use after: 59.9 MB.

Unloading 5 unused Assets to reduce memory usage. Loaded Objects now: 1574.
Total: 1.472300 ms (FindLiveObjects: 0.146500 ms CreateObjectMapping: 0.039400 ms MarkObjects: 1.243200 ms  DeleteObjects: 0.041800 ms)

========================================================================
Received Prepare
Registering precompiled user dll's ...
Registered in 0.000630 seconds.
Begin MonoManager ReloadAssembly
Native extension for LinuxStandalone target not found
Native extension for WindowsStandalone target not found
Native extension for WebGL target not found
Refreshing native plugins compatible for Editor in 0.26 ms, found 0 plugins.
Preloading 0 native plugins for Editor in 0.00 ms.
Invoked RoslynAnalysisRunner static constructor.
RoslynAnalysisRunner will not be running.
RoslynAnalysisRunner has terminated.
Mono: successfully reloaded assembly
- Completed reload, in  0.732 seconds
Platform modules already initialized, skipping
Refreshing native plugins compatible for Editor in 0.19 ms, found 0 plugins.
Preloading 0 native plugins for Editor in 0.00 ms.
Unloading 1098 Unused Serialized files (Serialized files now loaded: 0)
System memory in use before: 59.8 MB.
System memory in use after: 59.9 MB.

Unloading 5 unused Assets to reduce memory usage. Loaded Objects now: 1576.
Total: 1.614200 ms (FindLiveObjects: 0.191200 ms CreateObjectMapping: 0.062300 ms MarkObjects: 1.311200 ms  DeleteObjects: 0.048300 ms)

========================================================================
Received Import Request.
  Time since last request: 523.457123 seconds.
  path: Assets/Scripts
  artifactKey: Guid(09582bbee67cb1c42aaf93c625afd2a7) Importer(815301076,1909f56bfc062723c751e8b465ee728b)
Start importing Assets/Scripts using Guid(09582bbee67cb1c42aaf93c625afd2a7) Importer(815301076,1909f56bfc062723c751e8b465ee728b)  -> (artifact id: '9adae7dd002a2c1ae165c401a596c9ee') in 0.005455 seconds
  Import took 0.007373 seconds .

========================================================================
Received Prepare
Registering precompiled user dll's ...
Registered in 0.000634 seconds.
Begin MonoManager ReloadAssembly
Native extension for LinuxStandalone target not found
Native extension for WindowsStandalone target not found
Native extension for WebGL target not found
Refreshing native plugins compatible for Editor in 0.35 ms, found 0 plugins.
Preloading 0 native plugins for Editor in 0.00 ms.
Invoked RoslynAnalysisRunner static constructor.
RoslynAnalysisRunner will not be running.
RoslynAnalysisRunner has terminated.
Mono: successfully reloaded assembly
- Completed reload, in  0.783 seconds
Platform modules already initialized, skipping
Refreshing native plugins compatible for Editor in 0.21 ms, found 0 plugins.
Preloading 0 native plugins for Editor in 0.00 ms.
Unloading 1098 Unused Serialized files (Serialized files now loaded: 0)
System memory in use before: 59.8 MB.
System memory in use after: 59.9 MB.

Unloading 5 unused Assets to reduce memory usage. Loaded Objects now: 1578.
Total: 1.719000 ms (FindLiveObjects: 0.181600 ms CreateObjectMapping: 0.033400 ms MarkObjects: 1.449800 ms  DeleteObjects: 0.052300 ms)

========================================================================
Received Prepare
Registering precompiled user dll's ...
Registered in 0.000489 seconds.
Begin MonoManager ReloadAssembly
Native extension for LinuxStandalone target not found
Native extension for WindowsStandalone target not found
Native extension for WebGL target not found
Refreshing native plugins compatible for Editor in 0.29 ms, found 0 plugins.
Preloading 0 native plugins for Editor in 0.00 ms.
Invoked RoslynAnalysisRunner static constructor.
RoslynAnalysisRunner will not be running.
RoslynAnalysisRunner has terminated.
Mono: successfully reloaded assembly
- Completed reload, in  0.906 seconds
Platform modules already initialized, skipping
Refreshing native plugins compatible for Editor in 0.25 ms, found 0 plugins.
Preloading 0 native plugins for Editor in 0.00 ms.
Unloading 1098 Unused Serialized files (Serialized files now loaded: 0)
System memory in use before: 59.8 MB.
System memory in use after: 59.9 MB.

Unloading 5 unused Assets to reduce memory usage. Loaded Objects now: 1580.
Total: 1.521400 ms (FindLiveObjects: 0.156900 ms CreateObjectMapping: 0.041300 ms MarkObjects: 1.259800 ms  DeleteObjects: 0.062300 ms)

========================================================================
Received Import Request.
  Time since last request: 379.644489 seconds.
  path: Assets/Scripts/playerController.cs
  artifactKey: Guid(4ae5cd1dbf3d3cd4c8d751c0375bb6a3) Importer(815301076,1909f56bfc062723c751e8b465ee728b)
Start importing Assets/Scripts/playerController.cs using Guid(4ae5cd1dbf3d3cd4c8d751c0375bb6a3) Importer(815301076,1909f56bfc062723c751e8b465ee728b)  -> (artifact id: '4bd45da3474b027070e0ba9b3baaffc7') in 0.023492 seconds
  Import took 0.026407 seconds .

========================================================================
Received Prepare
Registering precompiled user dll's ...
Registered in 0.000532 seconds.
Begin MonoManager ReloadAssembly
Native extension for LinuxStandalone target not found
Native extension for WindowsStandalone target not found
Native extension for WebGL target not found
Refreshing native plugins compatible for Editor in 0.19 ms, found 0 plugins.
Preloading 0 native plugins for Editor in 0.00 ms.
Invoked RoslynAnalysisRunner static constructor.
RoslynAnalysisRunner will not be running.
RoslynAnalysisRunner has terminated.
Mono: successfully reloaded assembly
- Completed reload, in  0.790 seconds
Platform modules already initialized, skipping
Refreshing native plugins compatible for Editor in 0.22 ms, found 0 plugins.
Preloading 0 native plugins for Editor in 0.00 ms.
Unloading 1099 Unused Serialized files (Serialized files now loaded: 0)
System memory in use before: 59.9 MB.
System memory in use after: 59.9 MB.

Unloading 5 unused Assets to reduce memory usage. Loaded Objects now: 1583.
Total: 1.551800 ms (FindLiveObjects: 0.164300 ms CreateObjectMapping: 0.033500 ms MarkObjects: 1.308900 ms  DeleteObjects: 0.044100 ms)

========================================================================
Received Prepare
Registering precompiled user dll's ...
Registered in 0.000980 seconds.
Begin MonoManager ReloadAssembly
Native extension for LinuxStandalone target not found
Native extension for WindowsStandalone target not found
Native extension for WebGL target not found
Refreshing native plugins compatible for Editor in 0.18 ms, found 0 plugins.
Preloading 0 native plugins for Editor in 0.00 ms.
Invoked RoslynAnalysisRunner static constructor.
RoslynAnalysisRunner will not be running.
RoslynAnalysisRunner has terminated.
Mono: successfully reloaded assembly
- Completed reload, in  0.748 seconds
Platform modules already initialized, skipping
Refreshing native plugins compatible for Editor in 0.29 ms, found 0 plugins.
Preloading 0 native plugins for Editor in 0.00 ms.
Unloading 1099 Unused Serialized files (Serialized files now loaded: 0)
System memory in use before: 59.9 MB.
System memory in use after: 60.0 MB.

Unloading 5 unused Assets to reduce memory usage. Loaded Objects now: 1585.
Total: 2.325500 ms (FindLiveObjects: 0.130200 ms CreateObjectMapping: 0.036800 ms MarkObjects: 2.078400 ms  DeleteObjects: 0.078600 ms)

========================================================================
Received Prepare
Registering precompiled user dll's ...
Registered in 0.000743 seconds.
Begin MonoManager ReloadAssembly
Native extension for LinuxStandalone target not found
Native extension for WindowsStandalone target not found
Native extension for WebGL target not found
Refreshing native plugins compatible for Editor in 0.71 ms, found 0 plugins.
Preloading 0 native plugins for Editor in 0.00 ms.
Invoked RoslynAnalysisRunner static constructor.
RoslynAnalysisRunner will not be running.
RoslynAnalysisRunner has terminated.
Mono: successfully reloaded assembly
- Completed reload, in  0.802 seconds
Platform modules already initialized, skipping
Refreshing native plugins compatible for Editor in 0.30 ms, found 0 plugins.
Preloading 0 native plugins for Editor in 0.00 ms.
Unloading 1099 Unused Serialized files (Serialized files now loaded: 0)
System memory in use before: 59.9 MB.
System memory in use after: 60.0 MB.

Unloading 5 unused Assets to reduce memory usage. Loaded Objects now: 1587.
Total: 2.035500 ms (FindLiveObjects: 0.167000 ms CreateObjectMapping: 0.077500 ms MarkObjects: 1.726900 ms  DeleteObjects: 0.062800 ms)

========================================================================
Received Prepare
Registering precompiled user dll's ...
Registered in 0.000745 seconds.
Begin MonoManager ReloadAssembly
Native extension for LinuxStandalone target not found
Native extension for WindowsStandalone target not found
Native extension for WebGL target not found
Refreshing native plugins compatible for Editor in 0.27 ms, found 0 plugins.
Preloading 0 native plugins for Editor in 0.00 ms.
Invoked RoslynAnalysisRunner static constructor.
RoslynAnalysisRunner will not be running.
RoslynAnalysisRunner has terminated.
Mono: successfully reloaded assembly
- Completed reload, in  0.840 seconds
Platform modules already initialized, skipping
Refreshing native plugins compatible for Editor in 0.22 ms, found 0 plugins.
Preloading 0 native plugins for Editor in 0.00 ms.
Unloading 1099 Unused Serialized files (Serialized files now loaded: 0)
System memory in use before: 59.9 MB.
System memory in use after: 60.0 MB.

Unloading 5 unused Assets to reduce memory usage. Loaded Objects now: 1589.
Total: 1.796700 ms (FindLiveObjects: 0.222000 ms CreateObjectMapping: 0.050200 ms MarkObjects: 1.459700 ms  DeleteObjects: 0.063600 ms)

========================================================================
Received Prepare
Registering precompiled user dll's ...
Registered in 0.000660 seconds.
Begin MonoManager ReloadAssembly
Native extension for LinuxStandalone target not found
Native extension for WindowsStandalone target not found
Native extension for WebGL target not found
Refreshing native plugins compatible for Editor in 0.36 ms, found 0 plugins.
Preloading 0 native plugins for Editor in 0.00 ms.
Invoked RoslynAnalysisRunner static constructor.
RoslynAnalysisRunner will not be running.
RoslynAnalysisRunner has terminated.
Mono: successfully reloaded assembly
- Completed reload, in  1.090 seconds
Platform modules already initialized, skipping
Refreshing native plugins compatible for Editor in 0.34 ms, found 0 plugins.
Preloading 0 native plugins for Editor in 0.00 ms.
Unloading 1099 Unused Serialized files (Serialized files now loaded: 0)
System memory in use before: 59.9 MB.
System memory in use after: 60.0 MB.

Unloading 5 unused Assets to reduce memory usage. Loaded Objects now: 1591.
Total: 2.123500 ms (FindLiveObjects: 0.132500 ms CreateObjectMapping: 0.030200 ms MarkObjects: 1.898800 ms  DeleteObjects: 0.060000 ms)

========================================================================
Received Prepare
Registering precompiled user dll's ...
Registered in 0.000709 seconds.
Begin MonoManager ReloadAssembly
Native extension for LinuxStandalone target not found
Native extension for WindowsStandalone target not found
Native extension for WebGL target not found
Refreshing native plugins compatible for Editor in 0.24 ms, found 0 plugins.
Preloading 0 native plugins for Editor in 0.00 ms.
Invoked RoslynAnalysisRunner static constructor.
RoslynAnalysisRunner will not be running.
RoslynAnalysisRunner has terminated.
Mono: successfully reloaded assembly
- Completed reload, in  0.816 seconds
Platform modules already initialized, skipping
Refreshing native plugins compatible for Editor in 0.17 ms, found 0 plugins.
Preloading 0 native plugins for Editor in 0.00 ms.
Unloading 1099 Unused Serialized files (Serialized files now loaded: 0)
System memory in use before: 59.9 MB.
System memory in use after: 60.0 MB.

Unloading 5 unused Assets to reduce memory usage. Loaded Objects now: 1593.
Total: 1.493900 ms (FindLiveObjects: 0.135400 ms CreateObjectMapping: 0.035800 ms MarkObjects: 1.275700 ms  DeleteObjects: 0.045700 ms)

========================================================================
Received Prepare
Registering precompiled user dll's ...
Registered in 0.000673 seconds.
Begin MonoManager ReloadAssembly
Native extension for LinuxStandalone target not found
Native extension for WindowsStandalone target not found
Native extension for WebGL target not found
Refreshing native plugins compatible for Editor in 0.23 ms, found 0 plugins.
Preloading 0 native plugins for Editor in 0.00 ms.
Invoked RoslynAnalysisRunner static constructor.
RoslynAnalysisRunner will not be running.
RoslynAnalysisRunner has terminated.
Mono: successfully reloaded assembly
- Completed reload, in  0.780 seconds
Platform modules already initialized, skipping
Refreshing native plugins compatible for Editor in 0.19 ms, found 0 plugins.
Preloading 0 native plugins for Editor in 0.00 ms.
Unloading 1099 Unused Serialized files (Serialized files now loaded: 0)
System memory in use before: 59.9 MB.
System memory in use after: 60.0 MB.

Unloading 5 unused Assets to reduce memory usage. Loaded Objects now: 1595.
Total: 1.468900 ms (FindLiveObjects: 0.116500 ms CreateObjectMapping: 0.032700 ms MarkObjects: 1.271800 ms  DeleteObjects: 0.046600 ms)

========================================================================
Received Prepare
Registering precompiled user dll's ...
Registered in 0.000782 seconds.
Begin MonoManager ReloadAssembly
Native extension for LinuxStandalone target not found
Native extension for WindowsStandalone target not found
Native extension for WebGL target not found
Refreshing native plugins compatible for Editor in 0.18 ms, found 0 plugins.
Preloading 0 native plugins for Editor in 0.00 ms.
Invoked RoslynAnalysisRunner static constructor.
RoslynAnalysisRunner will not be running.
RoslynAnalysisRunner has terminated.
Mono: successfully reloaded assembly
- Completed reload, in  0.750 seconds
Platform modules already initialized, skipping
Refreshing native plugins compatible for Editor in 0.18 ms, found 0 plugins.
Preloading 0 native plugins for Editor in 0.00 ms.
Unloading 1099 Unused Serialized files (Serialized files now loaded: 0)
System memory in use before: 59.9 MB.
System memory in use after: 60.0 MB.

Unloading 5 unused Assets to reduce memory usage. Loaded Objects now: 1597.
Total: 1.812100 ms (FindLiveObjects: 0.216600 ms CreateObjectMapping: 0.044400 ms MarkObjects: 1.504100 ms  DeleteObjects: 0.045900 ms)

========================================================================
Received Prepare
Registering precompiled user dll's ...
Registered in 0.000684 seconds.
Begin MonoManager ReloadAssembly
Native extension for LinuxStandalone target not found
Native extension for WindowsStandalone target not found
Native extension for WebGL target not found
Refreshing native plugins compatible for Editor in 0.19 ms, found 0 plugins.
Preloading 0 native plugins for Editor in 0.00 ms.
Invoked RoslynAnalysisRunner static constructor.
RoslynAnalysisRunner will not be running.
RoslynAnalysisRunner has terminated.
Mono: successfully reloaded assembly
- Completed reload, in  0.777 seconds
Platform modules already initialized, skipping
Refreshing native plugins compatible for Editor in 0.18 ms, found 0 plugins.
Preloading 0 native plugins for Editor in 0.00 ms.
Unloading 1099 Unused Serialized files (Serialized files now loaded: 0)
System memory in use before: 59.9 MB.
System memory in use after: 60.0 MB.

Unloading 5 unused Assets to reduce memory usage. Loaded Objects now: 1599.
Total: 2.422900 ms (FindLiveObjects: 0.252100 ms CreateObjectMapping: 0.043700 ms MarkObjects: 2.065100 ms  DeleteObjects: 0.060500 ms)

========================================================================
Received Prepare
Registering precompiled user dll's ...
Registered in 0.000735 seconds.
Begin MonoManager ReloadAssembly
Native extension for LinuxStandalone target not found
Native extension for WindowsStandalone target not found
Native extension for WebGL target not found
Refreshing native plugins compatible for Editor in 0.19 ms, found 0 plugins.
Preloading 0 native plugins for Editor in 0.00 ms.
Invoked RoslynAnalysisRunner static constructor.
RoslynAnalysisRunner will not be running.
RoslynAnalysisRunner has terminated.
Mono: successfully reloaded assembly
- Completed reload, in  0.820 seconds
Platform modules already initialized, skipping
Refreshing native plugins compatible for Editor in 0.18 ms, found 0 plugins.
Preloading 0 native plugins for Editor in 0.00 ms.
Unloading 1099 Unused Serialized files (Serialized files now loaded: 0)
System memory in use before: 59.9 MB.
System memory in use after: 60.0 MB.

Unloading 5 unused Assets to reduce memory usage. Loaded Objects now: 1601.
Total: 1.807600 ms (FindLiveObjects: 0.222900 ms CreateObjectMapping: 0.060900 ms MarkObjects: 1.410400 ms  DeleteObjects: 0.109300 ms)

========================================================================
Received Prepare
Registering precompiled user dll's ...
Registered in 0.000803 seconds.
Begin MonoManager ReloadAssembly
Native extension for LinuxStandalone target not found
Native extension for WindowsStandalone target not found
Native extension for WebGL target not found
Refreshing native plugins compatible for Editor in 0.31 ms, found 0 plugins.
Preloading 0 native plugins for Editor in 0.00 ms.
Invoked RoslynAnalysisRunner static constructor.
RoslynAnalysisRunner will not be running.
RoslynAnalysisRunner has terminated.
Mono: successfully reloaded assembly
- Completed reload, in  0.842 seconds
Platform modules already initialized, skipping
Refreshing native plugins compatible for Editor in 0.22 ms, found 0 plugins.
Preloading 0 native plugins for Editor in 0.00 ms.
Unloading 1099 Unused Serialized files (Serialized files now loaded: 0)
System memory in use before: 59.9 MB.
System memory in use after: 60.0 MB.

Unloading 5 unused Assets to reduce memory usage. Loaded Objects now: 1603.
Total: 1.650200 ms (FindLiveObjects: 0.206100 ms CreateObjectMapping: 0.078000 ms MarkObjects: 1.314000 ms  DeleteObjects: 0.050500 ms)

========================================================================
Received Import Request.
  Time since last request: 4858.104687 seconds.
  path: Assets/assets
  artifactKey: Guid(93510d599abe6974aaa4b3b29a3ae3f9) Importer(815301076,1909f56bfc062723c751e8b465ee728b)
Start importing Assets/assets using Guid(93510d599abe6974aaa4b3b29a3ae3f9) Importer(815301076,1909f56bfc062723c751e8b465ee728b)  -> (artifact id: 'b0aa8336b59d2dd7df18248e686a2fa8') in 0.007901 seconds
  Import took 0.012366 seconds .

========================================================================
Received Prepare
Registering precompiled user dll's ...
Registered in 0.000634 seconds.
Begin MonoManager ReloadAssembly
Native extension for LinuxStandalone target not found
Native extension for WindowsStandalone target not found
Native extension for WebGL target not found
Refreshing native plugins compatible for Editor in 0.18 ms, found 0 plugins.
Preloading 0 native plugins for Editor in 0.00 ms.
Invoked RoslynAnalysisRunner static constructor.
RoslynAnalysisRunner will not be running.
RoslynAnalysisRunner has terminated.
Mono: successfully reloaded assembly
- Completed reload, in  0.802 seconds
Platform modules already initialized, skipping
Refreshing native plugins compatible for Editor in 0.24 ms, found 0 plugins.
Preloading 0 native plugins for Editor in 0.00 ms.
Unloading 1099 Unused Serialized files (Serialized files now loaded: 0)
System memory in use before: 59.9 MB.
System memory in use after: 60.0 MB.

Unloading 5 unused Assets to reduce memory usage. Loaded Objects now: 1605.
Total: 1.531900 ms (FindLiveObjects: 0.137900 ms CreateObjectMapping: 0.037100 ms MarkObjects: 1.296100 ms  DeleteObjects: 0.059700 ms)

========================================================================
Received Prepare
Registering precompiled user dll's ...
Registered in 0.000660 seconds.
Begin MonoManager ReloadAssembly
Native extension for LinuxStandalone target not found
Native extension for WindowsStandalone target not found
Native extension for WebGL target not found
Refreshing native plugins compatible for Editor in 0.18 ms, found 0 plugins.
Preloading 0 native plugins for Editor in 0.00 ms.
Invoked RoslynAnalysisRunner static constructor.
RoslynAnalysisRunner will not be running.
RoslynAnalysisRunner has terminated.
Mono: successfully reloaded assembly
- Completed reload, in  0.777 seconds
Platform modules already initialized, skipping
Refreshing native plugins compatible for Editor in 0.18 ms, found 0 plugins.
Preloading 0 native plugins for Editor in 0.00 ms.
Unloading 1099 Unused Serialized files (Serialized files now loaded: 0)
System memory in use before: 59.9 MB.
System memory in use after: 60.0 MB.

Unloading 5 unused Assets to reduce memory usage. Loaded Objects now: 1607.
Total: 1.856000 ms (FindLiveObjects: 0.210700 ms CreateObjectMapping: 0.054600 ms MarkObjects: 1.531300 ms  DeleteObjects: 0.057700 ms)

========================================================================
Received Prepare
Registering precompiled user dll's ...
Registered in 0.000499 seconds.
Begin MonoManager ReloadAssembly
Native extension for LinuxStandalone target not found
Native extension for WindowsStandalone target not found
Native extension for WebGL target not found
Refreshing native plugins compatible for Editor in 0.18 ms, found 0 plugins.
Preloading 0 native plugins for Editor in 0.00 ms.
Invoked RoslynAnalysisRunner static constructor.
RoslynAnalysisRunner will not be running.
RoslynAnalysisRunner has terminated.
Mono: successfully reloaded assembly
- Completed reload, in  0.779 seconds
Platform modules already initialized, skipping
Refreshing native plugins compatible for Editor in 0.17 ms, found 0 plugins.
Preloading 0 native plugins for Editor in 0.00 ms.
Unloading 1099 Unused Serialized files (Serialized files now loaded: 0)
System memory in use before: 60.0 MB.
System memory in use after: 60.0 MB.

Unloading 5 unused Assets to reduce memory usage. Loaded Objects now: 1609.
Total: 1.432500 ms (FindLiveObjects: 0.158600 ms CreateObjectMapping: 0.036600 ms MarkObjects: 1.189400 ms  DeleteObjects: 0.046500 ms)

========================================================================
Received Prepare
Registering precompiled user dll's ...
Registered in 0.000806 seconds.
Begin MonoManager ReloadAssembly
Native extension for LinuxStandalone target not found
Native extension for WindowsStandalone target not found
Native extension for WebGL target not found
Refreshing native plugins compatible for Editor in 0.20 ms, found 0 plugins.
Preloading 0 native plugins for Editor in 0.00 ms.
Invoked RoslynAnalysisRunner static constructor.
RoslynAnalysisRunner will not be running.
RoslynAnalysisRunner has terminated.
Mono: successfully reloaded assembly
- Completed reload, in  0.769 seconds
Platform modules already initialized, skipping
Refreshing native plugins compatible for Editor in 0.17 ms, found 0 plugins.
Preloading 0 native plugins for Editor in 0.00 ms.
Unloading 1099 Unused Serialized files (Serialized files now loaded: 0)
System memory in use before: 60.0 MB.
System memory in use after: 60.0 MB.

Unloading 5 unused Assets to reduce memory usage. Loaded Objects now: 1611.
Total: 1.482600 ms (FindLiveObjects: 0.137200 ms CreateObjectMapping: 0.031400 ms MarkObjects: 1.262000 ms  DeleteObjects: 0.050700 ms)

========================================================================
Received Prepare
Registering precompiled user dll's ...
Registered in 0.000591 seconds.
Begin MonoManager ReloadAssembly
Native extension for LinuxStandalone target not found
Native extension for WindowsStandalone target not found
Native extension for WebGL target not found
Refreshing native plugins compatible for Editor in 0.19 ms, found 0 plugins.
Preloading 0 native plugins for Editor in 0.00 ms.
Invoked RoslynAnalysisRunner static constructor.
RoslynAnalysisRunner will not be running.
RoslynAnalysisRunner has terminated.
Mono: successfully reloaded assembly
- Completed reload, in  0.818 seconds
Platform modules already initialized, skipping
Refreshing native plugins compatible for Editor in 0.29 ms, found 0 plugins.
Preloading 0 native plugins for Editor in 0.00 ms.
Unloading 1099 Unused Serialized files (Serialized files now loaded: 0)
System memory in use before: 60.0 MB.
System memory in use after: 60.0 MB.

Unloading 5 unused Assets to reduce memory usage. Loaded Objects now: 1613.
Total: 1.959000 ms (FindLiveObjects: 0.228200 ms CreateObjectMapping: 0.058300 ms MarkObjects: 1.612900 ms  DeleteObjects: 0.057900 ms)

========================================================================
Received Prepare
Registering precompiled user dll's ...
Registered in 0.000855 seconds.
Begin MonoManager ReloadAssembly
Native extension for LinuxStandalone target not found
Native extension for WindowsStandalone target not found
Native extension for WebGL target not found
Refreshing native plugins compatible for Editor in 0.20 ms, found 0 plugins.
Preloading 0 native plugins for Editor in 0.00 ms.
Invoked RoslynAnalysisRunner static constructor.
RoslynAnalysisRunner will not be running.
RoslynAnalysisRunner has terminated.
Mono: successfully reloaded assembly
- Completed reload, in  0.768 seconds
Platform modules already initialized, skipping
Refreshing native plugins compatible for Editor in 0.22 ms, found 0 plugins.
Preloading 0 native plugins for Editor in 0.00 ms.
Unloading 1099 Unused Serialized files (Serialized files now loaded: 0)
System memory in use before: 60.0 MB.
System memory in use after: 60.0 MB.

Unloading 5 unused Assets to reduce memory usage. Loaded Objects now: 1615.
Total: 1.950000 ms (FindLiveObjects: 0.153400 ms CreateObjectMapping: 0.049400 ms MarkObjects: 1.688800 ms  DeleteObjects: 0.057000 ms)

========================================================================
Received Prepare
Registering precompiled user dll's ...
Registered in 0.000588 seconds.
Begin MonoManager ReloadAssembly
Native extension for LinuxStandalone target not found
Native extension for WindowsStandalone target not found
Native extension for WebGL target not found
Refreshing native plugins compatible for Editor in 0.20 ms, found 0 plugins.
Preloading 0 native plugins for Editor in 0.00 ms.
Invoked RoslynAnalysisRunner static constructor.
RoslynAnalysisRunner will not be running.
RoslynAnalysisRunner has terminated.
Mono: successfully reloaded assembly
- Completed reload, in  0.800 seconds
Platform modules already initialized, skipping
Refreshing native plugins compatible for Editor in 0.27 ms, found 0 plugins.
Preloading 0 native plugins for Editor in 0.00 ms.
Unloading 1099 Unused Serialized files (Serialized files now loaded: 0)
System memory in use before: 60.0 MB.
System memory in use after: 60.0 MB.

Unloading 5 unused Assets to reduce memory usage. Loaded Objects now: 1617.
Total: 2.270300 ms (FindLiveObjects: 0.226000 ms CreateObjectMapping: 0.069500 ms MarkObjects: 1.915800 ms  DeleteObjects: 0.056500 ms)

========================================================================
Received Prepare
Registering precompiled user dll's ...
Registered in 0.000538 seconds.
Begin MonoManager ReloadAssembly
Native extension for LinuxStandalone target not found
Native extension for WindowsStandalone target not found
Native extension for WebGL target not found
Refreshing native plugins compatible for Editor in 0.19 ms, found 0 plugins.
Preloading 0 native plugins for Editor in 0.00 ms.
Invoked RoslynAnalysisRunner static constructor.
RoslynAnalysisRunner will not be running.
RoslynAnalysisRunner has terminated.
Mono: successfully reloaded assembly
- Completed reload, in  0.754 seconds
Platform modules already initialized, skipping
Refreshing native plugins compatible for Editor in 0.21 ms, found 0 plugins.
Preloading 0 native plugins for Editor in 0.00 ms.
Unloading 1099 Unused Serialized files (Serialized files now loaded: 0)
System memory in use before: 60.0 MB.
System memory in use after: 60.1 MB.

Unloading 5 unused Assets to reduce memory usage. Loaded Objects now: 1619.
Total: 1.624300 ms (FindLiveObjects: 0.125200 ms CreateObjectMapping: 0.033600 ms MarkObjects: 1.388500 ms  DeleteObjects: 0.075800 ms)

========================================================================
Received Prepare
Registering precompiled user dll's ...
Registered in 0.000757 seconds.
Begin MonoManager ReloadAssembly
Native extension for LinuxStandalone target not found
Native extension for WindowsStandalone target not found
Native extension for WebGL target not found
Refreshing native plugins compatible for Editor in 0.19 ms, found 0 plugins.
Preloading 0 native plugins for Editor in 0.00 ms.
Invoked RoslynAnalysisRunner static constructor.
RoslynAnalysisRunner will not be running.
RoslynAnalysisRunner has terminated.
Mono: successfully reloaded assembly
- Completed reload, in  0.765 seconds
Platform modules already initialized, skipping
Refreshing native plugins compatible for Editor in 0.18 ms, found 0 plugins.
Preloading 0 native plugins for Editor in 0.00 ms.
Unloading 1099 Unused Serialized files (Serialized files now loaded: 0)
System memory in use before: 60.0 MB.
System memory in use after: 60.1 MB.

Unloading 5 unused Assets to reduce memory usage. Loaded Objects now: 1621.
Total: 1.767900 ms (FindLiveObjects: 0.279400 ms CreateObjectMapping: 0.088500 ms MarkObjects: 1.350000 ms  DeleteObjects: 0.049000 ms)

========================================================================
Received Prepare
Registering precompiled user dll's ...
Registered in 0.000498 seconds.
Begin MonoManager ReloadAssembly
Native extension for LinuxStandalone target not found
Native extension for WindowsStandalone target not found
Native extension for WebGL target not found
Refreshing native plugins compatible for Editor in 0.18 ms, found 0 plugins.
Preloading 0 native plugins for Editor in 0.00 ms.
Invoked RoslynAnalysisRunner static constructor.
RoslynAnalysisRunner will not be running.
RoslynAnalysisRunner has terminated.
Mono: successfully reloaded assembly
- Completed reload, in  0.747 seconds
Platform modules already initialized, skipping
Refreshing native plugins compatible for Editor in 0.18 ms, found 0 plugins.
Preloading 0 native plugins for Editor in 0.00 ms.
Unloading 1099 Unused Serialized files (Serialized files now loaded: 0)
System memory in use before: 60.0 MB.
System memory in use after: 60.1 MB.

Unloading 5 unused Assets to reduce memory usage. Loaded Objects now: 1623.
Total: 1.491900 ms (FindLiveObjects: 0.124400 ms CreateObjectMapping: 0.044400 ms MarkObjects: 1.272400 ms  DeleteObjects: 0.049800 ms)

========================================================================
Received Prepare
Registering precompiled user dll's ...
Registered in 0.000805 seconds.
Begin MonoManager ReloadAssembly
Native extension for LinuxStandalone target not found
Native extension for WindowsStandalone target not found
Native extension for WebGL target not found
Refreshing native plugins compatible for Editor in 0.18 ms, found 0 plugins.
Preloading 0 native plugins for Editor in 0.00 ms.
Invoked RoslynAnalysisRunner static constructor.
RoslynAnalysisRunner will not be running.
RoslynAnalysisRunner has terminated.
Mono: successfully reloaded assembly
- Completed reload, in  0.789 seconds
Platform modules already initialized, skipping
Refreshing native plugins compatible for Editor in 0.26 ms, found 0 plugins.
Preloading 0 native plugins for Editor in 0.00 ms.
Unloading 1099 Unused Serialized files (Serialized files now loaded: 0)
System memory in use before: 60.0 MB.
System memory in use after: 60.1 MB.

Unloading 5 unused Assets to reduce memory usage. Loaded Objects now: 1625.
Total: 1.667800 ms (FindLiveObjects: 0.136800 ms CreateObjectMapping: 0.036000 ms MarkObjects: 1.437300 ms  DeleteObjects: 0.056700 ms)

AssetImportWorkerClient::OnTransportError - code=2 error=End of file
